<?xml version="1.0" encoding="UTF-8"?>
<!-- Generated by org.testng.reporters.JUnitReportReporter -->
<testsuite hostname="WQ-20161118QVKS" name="tests.TestMyplaceIndexPageElement" tests="7" failures="0" timestamp="21 Mar 2017 07:05:33 GMT" time="81.434" errors="0">
  <testcase name="clickMyplaceStoryLink" time="11.763" classname="tests.TestMyplaceIndexPageElement"/>
  <testcase name="clickMyplaceProjectLink" time="11.374" classname="tests.TestMyplaceIndexPageElement"/>
  <testcase name="clickMyplaceTesttaskLink" time="11.492" classname="tests.TestMyplaceIndexPageElement"/>
  <testcase name="clickMyplaceBugLink" time="10.466" classname="tests.TestMyplaceIndexPageElement"/>
  <testcase name="clickMyplaceDynamicLink" time="11.704" classname="tests.TestMyplaceIndexPageElement"/>
  <testcase name="clickMyplaceIndexLink" time="13.438" classname="tests.TestMyplaceIndexPageElement"/>
  <testcase name="clickMyplaceTodoLink" time="11.197" classname="tests.TestMyplaceIndexPageElement"/>
</testsuite> <!-- tests.TestMyplaceIndexPageElement -->
