<?xml version="1.0" encoding="UTF-8"?>
<!-- Generated by org.testng.reporters.JUnitReportReporter -->
<testsuite hostname="WQ-20161118QVKS" name="com.jay.testcases.TestAddTodo" tests="9" failures="0" timestamp="27 Mar 2017 04:39:30 GMT" time="168.154" errors="0">
  <testcase name="addTodoNameNull" time="13.464" classname="com.jay.testcases.TestAddTodo"/>
  <testcase name="batchAddTodoSuccessB3" time="20.962" classname="com.jay.testcases.TestAddTodo"/>
  <testcase name="addTodoSuccess" time="11.658" classname="com.jay.testcases.TestAddTodo"/>
  <testcase name="batchAddTodoSuccessC2" time="20.643" classname="com.jay.testcases.TestAddTodo"/>
  <testcase name="batchAddTodoSuccessC4" time="19.722" classname="com.jay.testcases.TestAddTodo"/>
  <testcase name="batchAddTodoSuccessC1" time="19.564" classname="com.jay.testcases.TestAddTodo"/>
  <testcase name="batchAddTodoSuccessB2" time="20.927" classname="com.jay.testcases.TestAddTodo"/>
  <testcase name="batchAddTodoSuccessB1" time="21.166" classname="com.jay.testcases.TestAddTodo"/>
  <testcase name="batchAddTodoSuccessC3" time="20.048" classname="com.jay.testcases.TestAddTodo"/>
</testsuite> <!-- com.jay.testcases.TestAddTodo -->
