<?xml version="1.0" encoding="UTF-8"?>
<!-- Generated by org.testng.reporters.JUnitReportReporter -->
<testsuite hostname="WQ-20161118QVKS" name="com.jay.demo.TestRetryAndScreenShot" tests="1" failures="0" timestamp="24 Mar 2017 07:54:07 GMT" time="4.804" errors="0">
  <testcase name="f" time="4.804" classname="com.jay.demo.TestRetryAndScreenShot"/>
</testsuite> <!-- com.jay.demo.TestRetryAndScreenShot -->
