<?xml version="1.0" encoding="UTF-8"?>
<!-- Generated by org.testng.reporters.JUnitReportReporter -->
<testsuite hostname="WQ-20161118QVKS" name="com.jay.testcases.TestMainPageElement" tests="5" failures="0" timestamp="23 Mar 2017 05:58:02 GMT" time="47.965" errors="0">
  <testcase name="clickExitButton" time="9.716" classname="com.jay.testcases.TestMainPageElement"/>
  <testcase name="clickQa" time="8.973" classname="com.jay.testcases.TestMainPageElement"/>
  <testcase name="clickProduct" time="9.749" classname="com.jay.testcases.TestMainPageElement"/>
  <testcase name="clickMyplace" time="9.321" classname="com.jay.testcases.TestMainPageElement"/>
  <testcase name="clickProject" time="10.206" classname="com.jay.testcases.TestMainPageElement"/>
</testsuite> <!-- com.jay.testcases.TestMainPageElement -->
