<?xml version="1.0" encoding="UTF-8"?>
<!-- Generated by org.testng.reporters.JUnitReportReporter -->
<testsuite hostname="WQ-20161118QVKS" name="tests.TestLogin" tests="2" failures="0" timestamp="22 Mar 2017 03:09:31 GMT" time="18.043" errors="0">
  <testcase name="loginFail" time="9.725" classname="tests.TestLogin"/>
  <testcase name="loginSuccess" time="8.318" classname="tests.TestLogin"/>
</testsuite> <!-- tests.TestLogin -->
