<?xml version="1.0" encoding="UTF-8"?>
<!-- Generated by org.testng.reporters.JUnitReportReporter -->
<testsuite hostname="WQ-20161118QVKS" name="com.jay.testcases.TestMyplaceIndexPageElement" tests="6" failures="0" timestamp="23 Mar 2017 05:52:24 GMT" time="49.689" errors="0">
  <testcase name="clickMyplaceProjectLink" time="7.953" classname="com.jay.testcases.TestMyplaceIndexPageElement"/>
  <testcase name="clickMyplaceTesttaskLink" time="8.097" classname="com.jay.testcases.TestMyplaceIndexPageElement"/>
  <testcase name="clickMyplaceStoryLink" time="8.423" classname="com.jay.testcases.TestMyplaceIndexPageElement"/>
  <testcase name="clickMyplaceDynamicLink" time="8.089" classname="com.jay.testcases.TestMyplaceIndexPageElement"/>
  <testcase name="clickMyplaceBugLink" time="8.245" classname="com.jay.testcases.TestMyplaceIndexPageElement"/>
  <testcase name="clickMyplaceTodoLink" time="8.882" classname="com.jay.testcases.TestMyplaceIndexPageElement"/>
</testsuite> <!-- com.jay.testcases.TestMyplaceIndexPageElement -->
