<?xml version="1.0" encoding="UTF-8"?>
<!-- Generated by org.testng.reporters.JUnitReportReporter -->
<testsuite hostname="WQ-20161118QVKS" name="tests.TestAddTodo" tests="2" failures="0" timestamp="22 Mar 2017 07:43:36 GMT" time="28.010" errors="0">
  <testcase name="addTodoSucces1" time="14.050" classname="tests.TestAddTodo"/>
  <testcase name="addTodoSucces2" time="13.960" classname="tests.TestAddTodo"/>
</testsuite> <!-- tests.TestAddTodo -->
