<?xml version="1.0" encoding="UTF-8"?>
<!-- Generated by org.testng.reporters.JUnitReportReporter -->
<testsuite hostname="WQ-20161118QVKS" name="com.jay.testcases.TestAddBug" tests="1" failures="0" timestamp="27 Mar 2017 00:57:56 GMT" time="22.136" errors="0">
  <testcase name="addBugSuccess" time="22.136" classname="com.jay.testcases.TestAddBug"/>
</testsuite> <!-- com.jay.testcases.TestAddBug -->
