<?xml version="1.0" encoding="UTF-8"?>
<!-- Generated by org.testng.reporters.JUnitReportReporter -->
<testsuite hostname="WQ-20161118QVKS" name="tests.TestMainPageElement" tests="5" failures="0" timestamp="21 Mar 2017 05:53:25 GMT" time="54.406" errors="0">
  <testcase name="clickProduct" time="10.889" classname="tests.TestMainPageElement"/>
  <testcase name="clickQa" time="10.893" classname="tests.TestMainPageElement"/>
  <testcase name="clickMyplace" time="10.577" classname="tests.TestMainPageElement"/>
  <testcase name="clickExitButton" time="11.444" classname="tests.TestMainPageElement"/>
  <testcase name="clickProject" time="10.603" classname="tests.TestMainPageElement"/>
</testsuite> <!-- tests.TestMainPageElement -->
